[16:53:58] [Client thread/INFO]: Setting user: Player186
[16:54:03] [Client thread/INFO]: LWJGL Version: 2.9.1
[16:54:12] [Client thread/INFO]: Reloading ResourceManager: Default, FMLFileResourcePack:Forge Mod Loader, FMLFileResourcePack:Minecraft Forge, FMLFileResourcePack:Example Mod
[16:54:14] [Sound Library Loader/INFO]: Starting up SoundSystem...
[16:54:14] [Thread-6/INFO]: Initializing LWJGL OpenAL
[16:54:14] [Thread-6/INFO]: (The LWJGL binding of OpenAL.  For more information, see http://www.lwjgl.org)
[16:54:14] [Thread-6/INFO]: OpenAL initialized.
[16:54:15] [Sound Library Loader/INFO]: Sound engine started
[16:54:19] [Client thread/INFO]: Created: 512x512 textures-atlas
[16:54:20] [Client thread/INFO]: Reloading ResourceManager: Default, FMLFileResourcePack:Forge Mod Loader, FMLFileResourcePack:Minecraft Forge, FMLFileResourcePack:Example Mod
[16:54:20] [Client thread/INFO]: SoundSystem shutting down...
[16:54:21] [Client thread/WARN]: Author: Paul Lamb, www.paulscode.com
[16:54:21] [Sound Library Loader/INFO]: Starting up SoundSystem...
[16:54:21] [Thread-8/INFO]: Initializing LWJGL OpenAL
[16:54:21] [Thread-8/INFO]: (The LWJGL binding of OpenAL.  For more information, see http://www.lwjgl.org)
[16:54:21] [Thread-8/INFO]: OpenAL initialized.
[16:54:21] [Sound Library Loader/INFO]: Sound engine started
[16:54:25] [Client thread/INFO]: Created: 512x512 textures-atlas
[16:55:16] [Client thread/INFO]: Stopping!
[16:55:16] [Client thread/INFO]: SoundSystem shutting down...
[16:55:16] [Client thread/WARN]: Author: Paul Lamb, www.paulscode.com
